ERROR - 2024-12-06 02:19:10 --> Error connecting to the database: ErrorException: pg_connect(): Unable to connect to PostgreSQL server: could not connect to server: Connection timed out (0x0000274C/10060)
	Is the server running on host &quot;192.168.50.210&quot; and accepting
	TCP/IP connections on port 7004? in C:\laragon\www\apinewpresensi\system\Database\Postgre\Connection.php:77
Stack trace:
#0 [internal function]: CodeIgniter\Debug\Exceptions->errorHandler(2, 'pg_connect(): U...', 'C:\\laragon\\www\\...', 77)
#1 C:\laragon\www\apinewpresensi\system\Database\Postgre\Connection.php(77): pg_connect('host=192.168.50...')
#2 C:\laragon\www\apinewpresensi\system\Database\BaseConnection.php(421): CodeIgniter\Database\Postgre\Connection->connect(false)
#3 C:\laragon\www\apinewpresensi\system\Database\BaseConnection.php(616): CodeIgniter\Database\BaseConnection->initialize()
#4 C:\laragon\www\apinewpresensi\system\Database\BaseBuilder.php(1644): CodeIgniter\Database\BaseConnection->query('SELECT *\nFROM "...', Array, false)
#5 C:\laragon\www\apinewpresensi\system\Model.php(330): CodeIgniter\Database\BaseBuilder->get()
#6 C:\laragon\www\apinewpresensi\system\BaseModel.php(714): CodeIgniter\Model->doFirst()
#7 C:\laragon\www\apinewpresensi\app\Controllers\Login.php(21): CodeIgniter\BaseModel->first()
#8 C:\laragon\www\apinewpresensi\system\CodeIgniter.php(933): App\Controllers\Login->index()
#9 C:\laragon\www\apinewpresensi\system\CodeIgniter.php(509): CodeIgniter\CodeIgniter->runController(Object(App\Controllers\Login))
#10 C:\laragon\www\apinewpresensi\system\CodeIgniter.php(355): CodeIgniter\CodeIgniter->handleRequest(NULL, Object(Config\Cache), false)
#11 C:\laragon\www\apinewpresensi\system\Boot.php(325): CodeIgniter\CodeIgniter->run()
#12 C:\laragon\www\apinewpresensi\system\Boot.php(67): CodeIgniter\Boot::runCodeIgniter(Object(CodeIgniter\CodeIgniter))
#13 C:\laragon\www\apinewpresensi\public\index.php(56): CodeIgniter\Boot::bootWeb(Object(Config\Paths))
#14 C:\laragon\www\apinewpresensi\system\rewrite.php(44): require_once('C:\\laragon\\www\\...')
#15 {main}
CRITICAL - 2024-12-06 02:19:10 --> CodeIgniter\Database\Exceptions\DatabaseException: Unable to connect to the database.
Main connection [Postgre]: pg_connect(): Unable to connect to PostgreSQL server: could not connect to server: Connection timed out (0x0000274C/10060)
	Is the server running on host &quot;192.168.50.210&quot; and accepting
	TCP/IP connections on port 7004?
[Method: POST, Route: api/login]
in SYSTEMPATH\Database\BaseConnection.php on line 467.
 1 SYSTEMPATH\Database\BaseConnection.php(616): CodeIgniter\Database\BaseConnection->initialize()
 2 SYSTEMPATH\Database\BaseBuilder.php(1644): CodeIgniter\Database\BaseConnection->query('SELECT *
FROM "users"
WHERE "nip" = :nip:
 LIMIT 1', [...], false)
 3 SYSTEMPATH\Model.php(330): CodeIgniter\Database\BaseBuilder->get()
 4 SYSTEMPATH\BaseModel.php(714): CodeIgniter\Model->doFirst()
 5 APPPATH\Controllers\Login.php(21): CodeIgniter\BaseModel->first()
 6 SYSTEMPATH\CodeIgniter.php(933): App\Controllers\Login->index()
 7 SYSTEMPATH\CodeIgniter.php(509): CodeIgniter\CodeIgniter->runController(Object(App\Controllers\Login))
 8 SYSTEMPATH\CodeIgniter.php(355): CodeIgniter\CodeIgniter->handleRequest(null, Object(Config\Cache), false)
 9 SYSTEMPATH\Boot.php(325): CodeIgniter\CodeIgniter->run()
10 SYSTEMPATH\Boot.php(67): CodeIgniter\Boot::runCodeIgniter(Object(CodeIgniter\CodeIgniter))
11 FCPATH\index.php(56): CodeIgniter\Boot::bootWeb(Object(Config\Paths))
12 SYSTEMPATH\rewrite.php(44): require_once('C:\\laragon\\www\\apinewpresensi\\public\\index.php')
ERROR - 2024-12-06 04:44:54 --> Error connecting to the database: ErrorException: pg_connect(): Unable to connect to PostgreSQL server: could not connect to server: Connection timed out (0x0000274C/10060)
	Is the server running on host &quot;192.168.50.210&quot; and accepting
	TCP/IP connections on port 7004? in C:\laragon\www\apinewpresensi\system\Database\Postgre\Connection.php:77
Stack trace:
#0 [internal function]: CodeIgniter\Debug\Exceptions->errorHandler(2, 'pg_connect(): U...', 'C:\\laragon\\www\\...', 77)
#1 C:\laragon\www\apinewpresensi\system\Database\Postgre\Connection.php(77): pg_connect('host=192.168.50...')
#2 C:\laragon\www\apinewpresensi\system\Database\BaseConnection.php(421): CodeIgniter\Database\Postgre\Connection->connect(false)
#3 C:\laragon\www\apinewpresensi\system\Database\BaseConnection.php(616): CodeIgniter\Database\BaseConnection->initialize()
#4 C:\laragon\www\apinewpresensi\system\Database\BaseBuilder.php(1644): CodeIgniter\Database\BaseConnection->query('SELECT *\nFROM "...', Array, false)
#5 C:\laragon\www\apinewpresensi\system\Model.php(330): CodeIgniter\Database\BaseBuilder->get()
#6 C:\laragon\www\apinewpresensi\system\BaseModel.php(714): CodeIgniter\Model->doFirst()
#7 C:\laragon\www\apinewpresensi\app\Controllers\Login.php(21): CodeIgniter\BaseModel->first()
#8 C:\laragon\www\apinewpresensi\system\CodeIgniter.php(933): App\Controllers\Login->index()
#9 C:\laragon\www\apinewpresensi\system\CodeIgniter.php(509): CodeIgniter\CodeIgniter->runController(Object(App\Controllers\Login))
#10 C:\laragon\www\apinewpresensi\system\CodeIgniter.php(355): CodeIgniter\CodeIgniter->handleRequest(NULL, Object(Config\Cache), false)
#11 C:\laragon\www\apinewpresensi\system\Boot.php(325): CodeIgniter\CodeIgniter->run()
#12 C:\laragon\www\apinewpresensi\system\Boot.php(67): CodeIgniter\Boot::runCodeIgniter(Object(CodeIgniter\CodeIgniter))
#13 C:\laragon\www\apinewpresensi\public\index.php(56): CodeIgniter\Boot::bootWeb(Object(Config\Paths))
#14 C:\laragon\www\apinewpresensi\system\rewrite.php(44): require_once('C:\\laragon\\www\\...')
#15 {main}
CRITICAL - 2024-12-06 04:44:54 --> CodeIgniter\Database\Exceptions\DatabaseException: Unable to connect to the database.
Main connection [Postgre]: pg_connect(): Unable to connect to PostgreSQL server: could not connect to server: Connection timed out (0x0000274C/10060)
	Is the server running on host &quot;192.168.50.210&quot; and accepting
	TCP/IP connections on port 7004?
[Method: POST, Route: api/login]
in SYSTEMPATH\Database\BaseConnection.php on line 467.
 1 SYSTEMPATH\Database\BaseConnection.php(616): CodeIgniter\Database\BaseConnection->initialize()
 2 SYSTEMPATH\Database\BaseBuilder.php(1644): CodeIgniter\Database\BaseConnection->query('SELECT *
FROM "users"
WHERE "nip" = :nip:
 LIMIT 1', [...], false)
 3 SYSTEMPATH\Model.php(330): CodeIgniter\Database\BaseBuilder->get()
 4 SYSTEMPATH\BaseModel.php(714): CodeIgniter\Model->doFirst()
 5 APPPATH\Controllers\Login.php(21): CodeIgniter\BaseModel->first()
 6 SYSTEMPATH\CodeIgniter.php(933): App\Controllers\Login->index()
 7 SYSTEMPATH\CodeIgniter.php(509): CodeIgniter\CodeIgniter->runController(Object(App\Controllers\Login))
 8 SYSTEMPATH\CodeIgniter.php(355): CodeIgniter\CodeIgniter->handleRequest(null, Object(Config\Cache), false)
 9 SYSTEMPATH\Boot.php(325): CodeIgniter\CodeIgniter->run()
10 SYSTEMPATH\Boot.php(67): CodeIgniter\Boot::runCodeIgniter(Object(CodeIgniter\CodeIgniter))
11 FCPATH\index.php(56): CodeIgniter\Boot::bootWeb(Object(Config\Paths))
12 SYSTEMPATH\rewrite.php(44): require_once('C:\\laragon\\www\\apinewpresensi\\public\\index.php')
